c:\users\steve\documents\githubvisualstudio\opengltesting\consoleapplication5\consoleapplication4\debug\vc140.pdb
c:\users\steve\documents\githubvisualstudio\opengltesting\consoleapplication5\consoleapplication4\debug\vc140.idb
c:\users\steve\documents\githubvisualstudio\opengltesting\consoleapplication5\consoleapplication4\debug\shader_loader.obj
c:\users\steve\documents\githubvisualstudio\opengltesting\consoleapplication5\consoleapplication4\debug\main.obj
c:\users\steve\documents\githubvisualstudio\opengltesting\consoleapplication5\consoleapplication4\debug\gamemodels.obj
c:\users\steve\documents\githubvisualstudio\opengltesting\consoleapplication5\consoleapplication4\debug\shader_manager.obj
c:\users\steve\documents\githubvisualstudio\opengltesting\consoleapplication5\consoleapplication4\debug\init_glew.obj
c:\users\steve\documents\githubvisualstudio\opengltesting\consoleapplication5\consoleapplication4\debug\init_glut.obj
c:\users\steve\documents\githubvisualstudio\opengltesting\consoleapplication5\debug\opengl1.ilk
c:\users\steve\documents\githubvisualstudio\opengltesting\consoleapplication5\debug\opengl1.exe
c:\users\steve\documents\githubvisualstudio\opengltesting\consoleapplication5\debug\opengl1.pdb
c:\users\steve\documents\githubvisualstudio\opengltesting\consoleapplication5\consoleapplication4\debug\opengl1.res
c:\users\steve\documents\githubvisualstudio\opengltesting\consoleapplication5\consoleapplication4\debug\opengl1.tlog\cl.command.1.tlog
c:\users\steve\documents\githubvisualstudio\opengltesting\consoleapplication5\consoleapplication4\debug\opengl1.tlog\cl.read.1.tlog
c:\users\steve\documents\githubvisualstudio\opengltesting\consoleapplication5\consoleapplication4\debug\opengl1.tlog\cl.write.1.tlog
c:\users\steve\documents\githubvisualstudio\opengltesting\consoleapplication5\consoleapplication4\debug\opengl1.tlog\link.command.1.tlog
c:\users\steve\documents\githubvisualstudio\opengltesting\consoleapplication5\consoleapplication4\debug\opengl1.tlog\link.read.1.tlog
c:\users\steve\documents\githubvisualstudio\opengltesting\consoleapplication5\consoleapplication4\debug\opengl1.tlog\link.write.1.tlog
c:\users\steve\documents\githubvisualstudio\opengltesting\consoleapplication5\consoleapplication4\debug\opengl1.tlog\rc.command.1.tlog
c:\users\steve\documents\githubvisualstudio\opengltesting\consoleapplication5\consoleapplication4\debug\opengl1.tlog\rc.read.1.tlog
c:\users\steve\documents\githubvisualstudio\opengltesting\consoleapplication5\consoleapplication4\debug\opengl1.tlog\rc.write.1.tlog
